  Building Custom Rule C:/Users/hhhddyy/Desktop/NTU-LEARN/CE7490-DIS-SYSTEM/project1/lib_repo/conda-metis-master/conda-metis-master/programs/CMakeLists.txt
  m2gmetis.c
C:\Program Files (x86)\Windows Kits\10\Include\10.0.19041.0\ucrt\corecrt_math.h(88,1): warning C4005: “INFINITY”: 宏重定义
C:\Users\hhhddyy\Desktop\NTU-LEARN\CE7490-DIS-SYSTEM\project1\lib_repo\conda-metis-master\conda-metis-master\GKlib\gk_arch.h(69): message : 参见“INFINITY”的前一个定义
C:\Users\hhhddyy\Desktop\NTU-LEARN\CE7490-DIS-SYSTEM\project1\lib_repo\conda-metis-master\conda-metis-master\programs\m2gmetis.c(31,3): warning C4244: “-=”: 从“double”转换到“real_t”，可能丢失数据
C:\Users\hhhddyy\Desktop\NTU-LEARN\CE7490-DIS-SYSTEM\project1\lib_repo\conda-metis-master\conda-metis-master\programs\m2gmetis.c(34,3): warning C4244: “+=”: 从“double”转换到“real_t”，可能丢失数据
C:\Users\hhhddyy\Desktop\NTU-LEARN\CE7490-DIS-SYSTEM\project1\lib_repo\conda-metis-master\conda-metis-master\programs\m2gmetis.c(46,3): warning C4244: “-=”: 从“double”转换到“real_t”，可能丢失数据
C:\Users\hhhddyy\Desktop\NTU-LEARN\CE7490-DIS-SYSTEM\project1\lib_repo\conda-metis-master\conda-metis-master\programs\m2gmetis.c(72,3): warning C4244: “+=”: 从“double”转换到“real_t”，可能丢失数据
C:\Users\hhhddyy\Desktop\NTU-LEARN\CE7490-DIS-SYSTEM\project1\lib_repo\conda-metis-master\conda-metis-master\programs\m2gmetis.c(83,5): warning C4244: “-=”: 从“double”转换到“real_t”，可能丢失数据
C:\Users\hhhddyy\Desktop\NTU-LEARN\CE7490-DIS-SYSTEM\project1\lib_repo\conda-metis-master\conda-metis-master\programs\m2gmetis.c(85,5): warning C4244: “+=”: 从“double”转换到“real_t”，可能丢失数据
C:\Users\hhhddyy\Desktop\NTU-LEARN\CE7490-DIS-SYSTEM\project1\lib_repo\conda-metis-master\conda-metis-master\programs\m2gmetis.c(125,3): warning C4244: “-=”: 从“double”转换到“real_t”，可能丢失数据
C:\Users\hhhddyy\Desktop\NTU-LEARN\CE7490-DIS-SYSTEM\project1\lib_repo\conda-metis-master\conda-metis-master\programs\m2gmetis.c(129,3): warning C4244: “+=”: 从“double”转换到“real_t”，可能丢失数据
  cmdline_m2gmetis.c
C:\Program Files (x86)\Windows Kits\10\Include\10.0.19041.0\ucrt\corecrt_math.h(88,1): warning C4005: “INFINITY”: 宏重定义
C:\Users\hhhddyy\Desktop\NTU-LEARN\CE7490-DIS-SYSTEM\project1\lib_repo\conda-metis-master\conda-metis-master\GKlib\gk_arch.h(69): message : 参见“INFINITY”的前一个定义
C:\Users\hhhddyy\Desktop\NTU-LEARN\CE7490-DIS-SYSTEM\project1\lib_repo\conda-metis-master\conda-metis-master\programs\cmdline_m2gmetis.c(105,39): warning C4047: “函数”:“int *(__cdecl *)()”与“int”的间接级别不同
C:\Users\hhhddyy\Desktop\NTU-LEARN\CE7490-DIS-SYSTEM\project1\lib_repo\conda-metis-master\conda-metis-master\programs\cmdline_m2gmetis.c(105,35): warning C4024: “gk_getopt_long_only”: 形参和实参 1 的类型不同
C:\Users\hhhddyy\Desktop\NTU-LEARN\CE7490-DIS-SYSTEM\project1\lib_repo\conda-metis-master\conda-metis-master\programs\cmdline_m2gmetis.c(105,45): warning C4047: “函数”:“char ***(__cdecl *)()”与“char **”的间接级别不同
C:\Users\hhhddyy\Desktop\NTU-LEARN\CE7490-DIS-SYSTEM\project1\lib_repo\conda-metis-master\conda-metis-master\programs\cmdline_m2gmetis.c(105,41): warning C4024: “gk_getopt_long_only”: 形参和实参 2 的类型不同
C:\Users\hhhddyy\Desktop\NTU-LEARN\CE7490-DIS-SYSTEM\project1\lib_repo\conda-metis-master\conda-metis-master\programs\cmdline_m2gmetis.c(84,13): warning C4101: “k”: 未引用的局部变量
C:\Users\hhhddyy\Desktop\NTU-LEARN\CE7490-DIS-SYSTEM\project1\lib_repo\conda-metis-master\conda-metis-master\programs\cmdline_m2gmetis.c(84,10): warning C4101: “j”: 未引用的局部变量
  io.c
C:\Program Files (x86)\Windows Kits\10\Include\10.0.19041.0\ucrt\corecrt_math.h(88,1): warning C4005: “INFINITY”: 宏重定义
C:\Users\hhhddyy\Desktop\NTU-LEARN\CE7490-DIS-SYSTEM\project1\lib_repo\conda-metis-master\conda-metis-master\GKlib\gk_arch.h(69): message : 参见“INFINITY”的前一个定义
C:\Users\hhhddyy\Desktop\NTU-LEARN\CE7490-DIS-SYSTEM\project1\lib_repo\conda-metis-master\conda-metis-master\programs\io.c(24,12): warning C4101: “j”: 未引用的局部变量
C:\Users\hhhddyy\Desktop\NTU-LEARN\CE7490-DIS-SYSTEM\project1\lib_repo\conda-metis-master\conda-metis-master\programs\io.c(180,12): warning C4101: “j”: 未引用的局部变量
C:\Users\hhhddyy\Desktop\NTU-LEARN\CE7490-DIS-SYSTEM\project1\lib_repo\conda-metis-master\conda-metis-master\programs\io.c(288,54): warning C4244: “=”: 从“double”转换到“real_t”，可能丢失数据
C:\Users\hhhddyy\Desktop\NTU-LEARN\CE7490-DIS-SYSTEM\project1\lib_repo\conda-metis-master\conda-metis-master\programs\io.c(381,38): warning C4244: “函数”: 从“double”转换到“real_t”，可能丢失数据
C:\Users\hhhddyy\Desktop\NTU-LEARN\CE7490-DIS-SYSTEM\project1\lib_repo\conda-metis-master\conda-metis-master\programs\io.c(389,32): warning C4244: “=”: 从“double”转换到“real_t”，可能丢失数据
  正在生成代码...
m2gmetis.obj : error LNK2019: 无法解析的外部符号 gk_malloc_init，函数 main 中引用了该符号
m2gmetis.obj : error LNK2019: 无法解析的外部符号 gk_malloc_cleanup，函数 main 中引用了该符号
m2gmetis.obj : error LNK2019: 无法解析的外部符号 gk_free，函数 main 中引用了该符号
io.obj : error LNK2001: 无法解析的外部符号 gk_free
m2gmetis.obj : error LNK2019: 无法解析的外部符号 gk_GetCurMemoryUsed，函数 main 中引用了该符号
m2gmetis.obj : error LNK2019: 无法解析的外部符号 gk_GetMaxMemoryUsed，函数 main 中引用了该符号
m2gmetis.obj : error LNK2019: 无法解析的外部符号 gk_CPUSeconds，函数 M2GReportResults 中引用了该符号
m2gmetis.obj : error LNK2019: 无法解析的外部符号 libmetis__CreateGraph，函数 main 中引用了该符号
io.obj : error LNK2001: 无法解析的外部符号 libmetis__CreateGraph
m2gmetis.obj : error LNK2019: 无法解析的外部符号 libmetis__FreeGraph，函数 main 中引用了该符号
m2gmetis.obj : error LNK2019: 无法解析的外部符号 libmetis__FreeMesh，函数 main 中引用了该符号
cmdline_m2gmetis.obj : error LNK2019: 无法解析的外部符号 gk_getopt_long_only，函数 parse_cmdline 中引用了该符号
cmdline_m2gmetis.obj : error LNK2019: 无法解析的外部符号 gk_malloc，函数 parse_cmdline 中引用了该符号
cmdline_m2gmetis.obj : error LNK2019: 无法解析的外部符号 errexit，函数 parse_cmdline 中引用了该符号
io.obj : error LNK2001: 无法解析的外部符号 errexit
cmdline_m2gmetis.obj : error LNK2019: 无法解析的外部符号 gk_strdup，函数 parse_cmdline 中引用了该符号
cmdline_m2gmetis.obj : error LNK2019: 无法解析的外部符号 gk_GetStringID，函数 parse_cmdline 中引用了该符号
cmdline_m2gmetis.obj : error LNK2001: 无法解析的外部符号 gk_optarg
cmdline_m2gmetis.obj : error LNK2001: 无法解析的外部符号 gk_optind
io.obj : error LNK2019: 无法解析的外部符号 gk_fopen，函数 ReadGraph 中引用了该符号
io.obj : error LNK2019: 无法解析的外部符号 gk_fclose，函数 ReadGraph 中引用了该符号
io.obj : error LNK2019: 无法解析的外部符号 gk_getline，函数 ReadGraph 中引用了该符号
io.obj : error LNK2019: 无法解析的外部符号 gk_fexists，函数 ReadGraph 中引用了该符号
io.obj : error LNK2019: 无法解析的外部符号 gk_getfilestats，函数 ReadMesh 中引用了该符号
io.obj : error LNK2019: 无法解析的外部符号 gk_strchr_replace，函数 ReadTPwgts 中引用了该符号
io.obj : error LNK2019: 无法解析的外部符号 libmetis__imax，函数 ReadMesh 中引用了该符号
io.obj : error LNK2019: 无法解析的外部符号 libmetis__rscale，函数 ReadTPwgts 中引用了该符号
io.obj : error LNK2019: 无法解析的外部符号 libmetis__imalloc，函数 ReadGraph 中引用了该符号
io.obj : error LNK2019: 无法解析的外部符号 libmetis__ismalloc，函数 ReadGraph 中引用了该符号
io.obj : error LNK2019: 无法解析的外部符号 libmetis__rsmalloc，函数 ReadTPwgts 中引用了该符号
io.obj : error LNK2019: 无法解析的外部符号 libmetis__CreateMesh，函数 ReadMesh 中引用了该符号
C:\Users\hhhddyy\Desktop\NTU-LEARN\CE7490-DIS-SYSTEM\project1\lib_repo\conda-metis-master\conda-metis-master\build\windows\programs\Debug\m2gmetis.exe : fatal error LNK1120: 28 个无法解析的外部命令
