  Building Custom Rule C:/Users/hhhddyy/Desktop/NTU-LEARN/CE7490-DIS-SYSTEM/project1/lib_repo/conda-metis-master/conda-metis-master/programs/CMakeLists.txt
  cmpfillin.c
C:\Program Files (x86)\Windows Kits\10\Include\10.0.19041.0\ucrt\corecrt_math.h(88,1): warning C4005: “INFINITY”: 宏重定义
C:\Users\hhhddyy\Desktop\NTU-LEARN\CE7490-DIS-SYSTEM\project1\lib_repo\conda-metis-master\conda-metis-master\GKlib\gk_arch.h(69): message : 参见“INFINITY”的前一个定义
  io.c
C:\Program Files (x86)\Windows Kits\10\Include\10.0.19041.0\ucrt\corecrt_math.h(88,1): warning C4005: “INFINITY”: 宏重定义
C:\Users\hhhddyy\Desktop\NTU-LEARN\CE7490-DIS-SYSTEM\project1\lib_repo\conda-metis-master\conda-metis-master\GKlib\gk_arch.h(69): message : 参见“INFINITY”的前一个定义
C:\Users\hhhddyy\Desktop\NTU-LEARN\CE7490-DIS-SYSTEM\project1\lib_repo\conda-metis-master\conda-metis-master\programs\io.c(24,12): warning C4101: “j”: 未引用的局部变量
C:\Users\hhhddyy\Desktop\NTU-LEARN\CE7490-DIS-SYSTEM\project1\lib_repo\conda-metis-master\conda-metis-master\programs\io.c(180,12): warning C4101: “j”: 未引用的局部变量
C:\Users\hhhddyy\Desktop\NTU-LEARN\CE7490-DIS-SYSTEM\project1\lib_repo\conda-metis-master\conda-metis-master\programs\io.c(288,54): warning C4244: “=”: 从“double”转换到“real_t”，可能丢失数据
C:\Users\hhhddyy\Desktop\NTU-LEARN\CE7490-DIS-SYSTEM\project1\lib_repo\conda-metis-master\conda-metis-master\programs\io.c(381,38): warning C4244: “函数”: 从“double”转换到“real_t”，可能丢失数据
C:\Users\hhhddyy\Desktop\NTU-LEARN\CE7490-DIS-SYSTEM\project1\lib_repo\conda-metis-master\conda-metis-master\programs\io.c(389,32): warning C4244: “=”: 从“double”转换到“real_t”，可能丢失数据
  smbfactor.c
C:\Program Files (x86)\Windows Kits\10\Include\10.0.19041.0\ucrt\corecrt_math.h(88,1): warning C4005: “INFINITY”: 宏重定义
C:\Users\hhhddyy\Desktop\NTU-LEARN\CE7490-DIS-SYSTEM\project1\lib_repo\conda-metis-master\conda-metis-master\GKlib\gk_arch.h(69): message : 参见“INFINITY”的前一个定义
C:\Users\hhhddyy\Desktop\NTU-LEARN\CE7490-DIS-SYSTEM\project1\lib_repo\conda-metis-master\conda-metis-master\programs\smbfactor.c(24,15): warning C4101: “k”: 未引用的局部变量
C:\Users\hhhddyy\Desktop\NTU-LEARN\CE7490-DIS-SYSTEM\project1\lib_repo\conda-metis-master\conda-metis-master\programs\smbfactor.c(24,12): warning C4101: “j”: 未引用的局部变量
  正在生成代码...
cmpfillin.obj : error LNK2019: 无法解析的外部符号 gk_strdup，函数 main 中引用了该符号
cmpfillin.obj : error LNK2019: 无法解析的外部符号 libmetis__imalloc，函数 main 中引用了该符号
io.obj : error LNK2001: 无法解析的外部符号 libmetis__imalloc
smbfactor.obj : error LNK2001: 无法解析的外部符号 libmetis__imalloc
cmpfillin.obj : error LNK2019: 无法解析的外部符号 libmetis__FreeGraph，函数 main 中引用了该符号
io.obj : error LNK2019: 无法解析的外部符号 gk_fopen，函数 ReadGraph 中引用了该符号
io.obj : error LNK2019: 无法解析的外部符号 gk_fclose，函数 ReadGraph 中引用了该符号
io.obj : error LNK2019: 无法解析的外部符号 gk_getline，函数 ReadGraph 中引用了该符号
io.obj : error LNK2019: 无法解析的外部符号 gk_fexists，函数 ReadGraph 中引用了该符号
io.obj : error LNK2019: 无法解析的外部符号 gk_getfilestats，函数 ReadMesh 中引用了该符号
io.obj : error LNK2019: 无法解析的外部符号 gk_free，函数 ReadGraph 中引用了该符号
smbfactor.obj : error LNK2001: 无法解析的外部符号 gk_free
io.obj : error LNK2019: 无法解析的外部符号 errexit，函数 ReadGraph 中引用了该符号
smbfactor.obj : error LNK2001: 无法解析的外部符号 errexit
io.obj : error LNK2019: 无法解析的外部符号 gk_strchr_replace，函数 ReadTPwgts 中引用了该符号
io.obj : error LNK2019: 无法解析的外部符号 libmetis__imax，函数 ReadMesh 中引用了该符号
io.obj : error LNK2019: 无法解析的外部符号 libmetis__rscale，函数 ReadTPwgts 中引用了该符号
io.obj : error LNK2019: 无法解析的外部符号 libmetis__ismalloc，函数 ReadGraph 中引用了该符号
smbfactor.obj : error LNK2001: 无法解析的外部符号 libmetis__ismalloc
io.obj : error LNK2019: 无法解析的外部符号 libmetis__rsmalloc，函数 ReadTPwgts 中引用了该符号
io.obj : error LNK2019: 无法解析的外部符号 libmetis__CreateGraph，函数 ReadGraph 中引用了该符号
io.obj : error LNK2019: 无法解析的外部符号 libmetis__CreateMesh，函数 ReadMesh 中引用了该符号
C:\Users\hhhddyy\Desktop\NTU-LEARN\CE7490-DIS-SYSTEM\project1\lib_repo\conda-metis-master\conda-metis-master\build\windows\programs\Debug\cmpfillin.exe : fatal error LNK1120: 17 个无法解析的外部命令
