  Building Custom Rule C:/Users/hhhddyy/Desktop/NTU-LEARN/CE7490-DIS-SYSTEM/project1/lib_repo/metis-5.1.0/programs/CMakeLists.txt
  mpmetis.c
C:\Program Files (x86)\Windows Kits\10\Include\10.0.19041.0\ucrt\corecrt_math.h(88,1): warning C4005: “INFINITY”: 宏重定义
C:\Users\hhhddyy\Desktop\NTU-LEARN\CE7490-DIS-SYSTEM\project1\lib_repo\metis-5.1.0\GKlib\gk_arch.h(67): message : 参见“INFINITY”的前一个定义
C:\Users\hhhddyy\Desktop\NTU-LEARN\CE7490-DIS-SYSTEM\project1\lib_repo\metis-5.1.0\programs\mpmetis.c(33,3): warning C4244: “-=”: 从“double”转换到“real_t”，可能丢失数据
C:\Users\hhhddyy\Desktop\NTU-LEARN\CE7490-DIS-SYSTEM\project1\lib_repo\metis-5.1.0\programs\mpmetis.c(42,3): warning C4244: “+=”: 从“double”转换到“real_t”，可能丢失数据
C:\Users\hhhddyy\Desktop\NTU-LEARN\CE7490-DIS-SYSTEM\project1\lib_repo\metis-5.1.0\programs\mpmetis.c(65,3): warning C4244: “-=”: 从“double”转换到“real_t”，可能丢失数据
C:\Users\hhhddyy\Desktop\NTU-LEARN\CE7490-DIS-SYSTEM\project1\lib_repo\metis-5.1.0\programs\mpmetis.c(81,3): warning C4244: “+=”: 从“double”转换到“real_t”，可能丢失数据
C:\Users\hhhddyy\Desktop\NTU-LEARN\CE7490-DIS-SYSTEM\project1\lib_repo\metis-5.1.0\programs\mpmetis.c(93,7): warning C4244: “-=”: 从“double”转换到“real_t”，可能丢失数据
C:\Users\hhhddyy\Desktop\NTU-LEARN\CE7490-DIS-SYSTEM\project1\lib_repo\metis-5.1.0\programs\mpmetis.c(95,7): warning C4244: “+=”: 从“double”转换到“real_t”，可能丢失数据
C:\Users\hhhddyy\Desktop\NTU-LEARN\CE7490-DIS-SYSTEM\project1\lib_repo\metis-5.1.0\programs\mpmetis.c(172,3): warning C4244: “-=”: 从“double”转换到“real_t”，可能丢失数据
C:\Users\hhhddyy\Desktop\NTU-LEARN\CE7490-DIS-SYSTEM\project1\lib_repo\metis-5.1.0\programs\mpmetis.c(179,3): warning C4244: “+=”: 从“double”转换到“real_t”，可能丢失数据
  cmdline_mpmetis.c
C:\Program Files (x86)\Windows Kits\10\Include\10.0.19041.0\ucrt\corecrt_math.h(88,1): warning C4005: “INFINITY”: 宏重定义
C:\Users\hhhddyy\Desktop\NTU-LEARN\CE7490-DIS-SYSTEM\project1\lib_repo\metis-5.1.0\GKlib\gk_arch.h(67): message : 参见“INFINITY”的前一个定义
C:\Users\hhhddyy\Desktop\NTU-LEARN\CE7490-DIS-SYSTEM\project1\lib_repo\metis-5.1.0\programs\cmdline_mpmetis.c(239,39): warning C4047: “函数”:“int *(__cdecl *)()”与“int”的间接级别不同
C:\Users\hhhddyy\Desktop\NTU-LEARN\CE7490-DIS-SYSTEM\project1\lib_repo\metis-5.1.0\programs\cmdline_mpmetis.c(239,35): warning C4024: “gk_getopt_long_only”: 形参和实参 1 的类型不同
C:\Users\hhhddyy\Desktop\NTU-LEARN\CE7490-DIS-SYSTEM\project1\lib_repo\metis-5.1.0\programs\cmdline_mpmetis.c(239,45): warning C4047: “函数”:“char ***(__cdecl *)()”与“char **”的间接级别不同
C:\Users\hhhddyy\Desktop\NTU-LEARN\CE7490-DIS-SYSTEM\project1\lib_repo\metis-5.1.0\programs\cmdline_mpmetis.c(239,41): warning C4024: “gk_getopt_long_only”: 形参和实参 2 的类型不同
C:\Users\hhhddyy\Desktop\NTU-LEARN\CE7490-DIS-SYSTEM\project1\lib_repo\metis-5.1.0\programs\cmdline_mpmetis.c(196,13): warning C4101: “k”: 未引用的局部变量
C:\Users\hhhddyy\Desktop\NTU-LEARN\CE7490-DIS-SYSTEM\project1\lib_repo\metis-5.1.0\programs\cmdline_mpmetis.c(196,10): warning C4101: “j”: 未引用的局部变量
  io.c
C:\Program Files (x86)\Windows Kits\10\Include\10.0.19041.0\ucrt\corecrt_math.h(88,1): warning C4005: “INFINITY”: 宏重定义
C:\Users\hhhddyy\Desktop\NTU-LEARN\CE7490-DIS-SYSTEM\project1\lib_repo\metis-5.1.0\GKlib\gk_arch.h(67): message : 参见“INFINITY”的前一个定义
C:\Users\hhhddyy\Desktop\NTU-LEARN\CE7490-DIS-SYSTEM\project1\lib_repo\metis-5.1.0\programs\io.c(24,12): warning C4101: “j”: 未引用的局部变量
C:\Users\hhhddyy\Desktop\NTU-LEARN\CE7490-DIS-SYSTEM\project1\lib_repo\metis-5.1.0\programs\io.c(180,12): warning C4101: “j”: 未引用的局部变量
C:\Users\hhhddyy\Desktop\NTU-LEARN\CE7490-DIS-SYSTEM\project1\lib_repo\metis-5.1.0\programs\io.c(288,54): warning C4244: “=”: 从“double”转换到“real_t”，可能丢失数据
C:\Users\hhhddyy\Desktop\NTU-LEARN\CE7490-DIS-SYSTEM\project1\lib_repo\metis-5.1.0\programs\io.c(381,38): warning C4244: “函数”: 从“double”转换到“real_t”，可能丢失数据
C:\Users\hhhddyy\Desktop\NTU-LEARN\CE7490-DIS-SYSTEM\project1\lib_repo\metis-5.1.0\programs\io.c(389,32): warning C4244: “=”: 从“double”转换到“real_t”，可能丢失数据
  stat.c
C:\Program Files (x86)\Windows Kits\10\Include\10.0.19041.0\ucrt\corecrt_math.h(88,1): warning C4005: “INFINITY”: 宏重定义
C:\Users\hhhddyy\Desktop\NTU-LEARN\CE7490-DIS-SYSTEM\project1\lib_repo\metis-5.1.0\GKlib\gk_arch.h(67): message : 参见“INFINITY”的前一个定义
C:\Users\hhhddyy\Desktop\NTU-LEARN\CE7490-DIS-SYSTEM\project1\lib_repo\metis-5.1.0\programs\stat.c(55,70): warning C4244: “=”: 从“double”转换到“real_t”，可能丢失数据
C:\Users\hhhddyy\Desktop\NTU-LEARN\CE7490-DIS-SYSTEM\project1\lib_repo\metis-5.1.0\programs\stat.c(57,66): warning C4244: “=”: 从“double”转换到“real_t”，可能丢失数据
  正在生成代码...
mpmetis.obj : error LNK2019: 无法解析的外部符号 gk_malloc_init，函数 main 中引用了该符号
mpmetis.obj : error LNK2019: 无法解析的外部符号 gk_malloc_cleanup，函数 main 中引用了该符号
mpmetis.obj : error LNK2019: 无法解析的外部符号 gk_free，函数 main 中引用了该符号
io.obj : error LNK2001: 无法解析的外部符号 gk_free
stat.obj : error LNK2001: 无法解析的外部符号 gk_free
mpmetis.obj : error LNK2019: 无法解析的外部符号 gk_GetCurMemoryUsed，函数 main 中引用了该符号
mpmetis.obj : error LNK2019: 无法解析的外部符号 gk_GetMaxMemoryUsed，函数 main 中引用了该符号
mpmetis.obj : error LNK2019: 无法解析的外部符号 gk_CPUSeconds，函数 MPReportResults 中引用了该符号
mpmetis.obj : error LNK2019: 无法解析的外部符号 libmetis__imalloc，函数 main 中引用了该符号
io.obj : error LNK2001: 无法解析的外部符号 libmetis__imalloc
stat.obj : error LNK2001: 无法解析的外部符号 libmetis__imalloc
mpmetis.obj : error LNK2019: 无法解析的外部符号 libmetis__FreeMesh，函数 main 中引用了该符号
cmdline_mpmetis.obj : error LNK2019: 无法解析的外部符号 gk_getopt_long_only，函数 parse_cmdline 中引用了该符号
cmdline_mpmetis.obj : error LNK2019: 无法解析的外部符号 gk_malloc，函数 parse_cmdline 中引用了该符号
cmdline_mpmetis.obj : error LNK2019: 无法解析的外部符号 errexit，函数 parse_cmdline 中引用了该符号
io.obj : error LNK2001: 无法解析的外部符号 errexit
cmdline_mpmetis.obj : error LNK2019: 无法解析的外部符号 gk_strdup，函数 parse_cmdline 中引用了该符号
cmdline_mpmetis.obj : error LNK2019: 无法解析的外部符号 gk_GetStringID，函数 parse_cmdline 中引用了该符号
cmdline_mpmetis.obj : error LNK2019: 无法解析的外部符号 gk_optarg，函数 parse_cmdline 中引用了该符号
cmdline_mpmetis.obj : error LNK2019: 无法解析的外部符号 gk_optind，函数 parse_cmdline 中引用了该符号
io.obj : error LNK2019: 无法解析的外部符号 gk_fopen，函数 ReadGraph 中引用了该符号
io.obj : error LNK2019: 无法解析的外部符号 gk_fclose，函数 ReadGraph 中引用了该符号
io.obj : error LNK2019: 无法解析的外部符号 gk_getline，函数 ReadGraph 中引用了该符号
io.obj : error LNK2019: 无法解析的外部符号 gk_fexists，函数 ReadGraph 中引用了该符号
io.obj : error LNK2019: 无法解析的外部符号 gk_getfilestats，函数 ReadMesh 中引用了该符号
io.obj : error LNK2019: 无法解析的外部符号 gk_strchr_replace，函数 ReadTPwgts 中引用了该符号
io.obj : error LNK2019: 无法解析的外部符号 libmetis__imax，函数 ReadMesh 中引用了该符号
stat.obj : error LNK2001: 无法解析的外部符号 libmetis__imax
io.obj : error LNK2019: 无法解析的外部符号 libmetis__rscale，函数 ReadTPwgts 中引用了该符号
io.obj : error LNK2019: 无法解析的外部符号 libmetis__ismalloc，函数 ReadGraph 中引用了该符号
stat.obj : error LNK2001: 无法解析的外部符号 libmetis__ismalloc
io.obj : error LNK2019: 无法解析的外部符号 libmetis__rsmalloc，函数 ReadTPwgts 中引用了该符号
io.obj : error LNK2019: 无法解析的外部符号 libmetis__CreateGraph，函数 ReadGraph 中引用了该符号
io.obj : error LNK2019: 无法解析的外部符号 libmetis__CreateMesh，函数 ReadMesh 中引用了该符号
stat.obj : error LNK2019: 无法解析的外部符号 libmetis__iargmax，函数 ComputePartitionInfo 中引用了该符号
stat.obj : error LNK2019: 无法解析的外部符号 libmetis__isum，函数 ComputePartitionInfo 中引用了该符号
stat.obj : error LNK2019: 无法解析的外部符号 libmetis__iset，函数 ComputePartitionInfo 中引用了该符号
stat.obj : error LNK2019: 无法解析的外部符号 libmetis__iarray2csr，函数 ComputePartitionInfo 中引用了该符号
stat.obj : error LNK2019: 无法解析的外部符号 libmetis__FindPartitionInducedComponents，函数 ComputePartitionInfo 中引用了该符号
stat.obj : error LNK2019: 无法解析的外部符号 libmetis__IsConnected，函数 ComputePartitionInfo 中引用了该符号
stat.obj : error LNK2019: 无法解析的外部符号 libmetis__ComputeCut，函数 ComputePartitionInfo 中引用了该符号
stat.obj : error LNK2019: 无法解析的外部符号 libmetis__ComputeVolume，函数 ComputePartitionInfo 中引用了该符号
stat.obj : error LNK2019: 无法解析的外部符号 libmetis__iargmax_strd，函数 ComputePartitionInfo 中引用了该符号
C:\Users\hhhddyy\Desktop\NTU-LEARN\CE7490-DIS-SYSTEM\project1\lib_repo\metis-5.1.0\build\windows\programs\Release\mpmetis.exe : fatal error LNK1120: 36 个无法解析的外部命令
